<?xml version="1.0" encoding="UTF-8"?>
<testsuite xmlns:xsi="http://www.w3.org/2001/XMLSchema-instance" xsi:noNamespaceSchemaLocation="https://maven.apache.org/surefire/maven-surefire-plugin/xsd/surefire-test-report-3.0.xsd" version="3.0" name="com.netlife.netlifeacademicapi.NetlifeAcademicApiApplicationTests" time="23.987" tests="1" errors="0" skipped="0" failures="0">
  <properties>
[...]
</properties>
  <testcase name="contextLoads" classname="com.netlife.netlifeacademicapi.NetlifeAcademicApiApplicationTests" time="1.288">
    <system-out><![CDATA[01:12:17.026 [main] INFO org.springframework.test.context.support.AnnotationConfigContextLoaderUtils -- Could not detect default configuration classes for test class [com.netlife.netlifeacademicapi.NetlifeAcademicApiApplicationTests]: NetlifeAcademicApiApplicationTests does not declare any static, non-private, non-final, nested classes annotated with @Configuration.
01:12:17.275 [main] INFO org.springframework.boot.test.context.SpringBootTestContextBootstrapper -- Found @SpringBootConfiguration com.netlife.netlifeacademicapi.NetlifeAcademicApiApplication for test class com.netlife.netlifeacademicapi.NetlifeAcademicApiApplicationTests
01:12:17.670 [main] INFO org.springframework.boot.devtools.restart.RestartApplicationListener -- Restart disabled due to context in which it is running

  .   ____          _            __ _ _
 /\\ / ___'_ __ _ _(_)_ __  __ _ \ \ \ \
( ( )\___ | '_ | '_| | '_ \/ _` | \ \ \ \
 \\/  ___)| |_)| | | | | || (_| |  ) ) ) )
  '  |____| .__|_| |_|_| |_\__, | / / / /
 =========|_|==============|___/=/_/_/_/

 :: Spring Boot ::                (v3.3.1)

2024-08-24T01:12:18.612-05:00  INFO 12860 --- [netlife-academic-api] [           main] c.n.n.NetlifeAcademicApiApplicationTests : Starting NetlifeAcademicApiApplicationTests using Java 22.0.2 with PID 12860 (started by jhonm in D:\Netlife-Academic-API-RESTful)
2024-08-24T01:12:18.618-05:00  INFO 12860 --- [netlife-academic-api] [           main] c.n.n.NetlifeAcademicApiApplicationTests : No active profile set, falling back to 1 default profile: "default"
2024-08-24T01:12:20.721-05:00  INFO 12860 --- [netlife-academic-api] [           main] .s.d.r.c.RepositoryConfigurationDelegate : Bootstrapping Spring Data JPA repositories in DEFAULT mode.
2024-08-24T01:12:20.895-05:00  INFO 12860 --- [netlife-academic-api] [           main] .s.d.r.c.RepositoryConfigurationDelegate : Finished Spring Data repository scanning in 145 ms. Found 2 JPA repository interfaces.
2024-08-24T01:12:22.467-05:00  INFO 12860 --- [netlife-academic-api] [           main] o.hibernate.jpa.internal.util.LogHelper  : HHH000204: Processing PersistenceUnitInfo [name: default]
2024-08-24T01:12:22.613-05:00  INFO 12860 --- [netlife-academic-api] [           main] org.hibernate.Version                    : HHH000412: Hibernate ORM core version 6.5.2.Final
2024-08-24T01:12:22.702-05:00  INFO 12860 --- [netlife-academic-api] [           main] o.h.c.internal.RegionFactoryInitiator    : HHH000026: Second-level cache disabled
2024-08-24T01:12:23.408-05:00  INFO 12860 --- [netlife-academic-api] [           main] o.s.o.j.p.SpringPersistenceUnitInfo      : No LoadTimeWeaver setup: ignoring JPA class transformer
2024-08-24T01:12:23.470-05:00  INFO 12860 --- [netlife-academic-api] [           main] com.zaxxer.hikari.HikariDataSource       : HikariPool-1 - Starting...
2024-08-24T01:12:26.238-05:00  INFO 12860 --- [netlife-academic-api] [           main] com.zaxxer.hikari.pool.HikariPool        : HikariPool-1 - Added connection org.postgresql.jdbc.PgConnection@4315fe1b
2024-08-24T01:12:26.261-05:00  INFO 12860 --- [netlife-academic-api] [           main] com.zaxxer.hikari.HikariDataSource       : HikariPool-1 - Start completed.
2024-08-24T01:12:26.754-05:00  WARN 12860 --- [netlife-academic-api] [           main] org.hibernate.orm.deprecation            : HHH90000025: PostgreSQLDialect does not need to be specified explicitly using 'hibernate.dialect' (remove the property setting and it will be selected by default)
2024-08-24T01:12:29.266-05:00  INFO 12860 --- [netlife-academic-api] [           main] o.h.e.t.j.p.i.JtaPlatformInitiator       : HHH000489: No JTA platform available (set 'hibernate.transaction.jta.platform' to enable JTA platform integration)
2024-08-24T01:12:31.654-05:00  INFO 12860 --- [netlife-academic-api] [           main] j.LocalContainerEntityManagerFactoryBean : Initialized JPA EntityManagerFactory for persistence unit 'default'
2024-08-24T01:12:32.453-05:00  INFO 12860 --- [netlife-academic-api] [           main] o.s.d.j.r.query.QueryEnhancerFactory     : Hibernate is in classpath; If applicable, HQL parser will be used.
2024-08-24T01:12:35.397-05:00  INFO 12860 --- [netlife-academic-api] [           main] eAuthenticationProviderManagerConfigurer : Global AuthenticationManager configured with AuthenticationProvider bean with name authenticationProvider
2024-08-24T01:12:35.397-05:00  WARN 12860 --- [netlife-academic-api] [           main] r$InitializeUserDetailsManagerConfigurer : Global AuthenticationManager configured with an AuthenticationProvider bean. UserDetailsService beans will not be used for username/password login. Consider removing the AuthenticationProvider bean. Alternatively, consider using the UserDetailsService in a manually instantiated DaoAuthenticationProvider.
2024-08-24T01:12:35.826-05:00  WARN 12860 --- [netlife-academic-api] [           main] JpaBaseConfiguration$JpaWebConfiguration : spring.jpa.open-in-view is enabled by default. Therefore, database queries may be performed during view rendering. Explicitly configure spring.jpa.open-in-view to disable this warning
2024-08-24T01:12:39.242-05:00  INFO 12860 --- [netlife-academic-api] [           main] c.n.n.NetlifeAcademicApiApplicationTests : Started NetlifeAcademicApiApplicationTests in 21.6 seconds (process running for 24.832)
]]></system-out>
    <system-err><![CDATA[WARNING: A Java agent has been loaded dynamically (C:\Users\jhonm\.m2\repository\net\bytebuddy\byte-buddy-agent\1.14.17\byte-buddy-agent-1.14.17.jar)
WARNING: If a serviceability tool is in use, please run with -XX:+EnableDynamicAgentLoading to hide this warning
WARNING: If a serviceability tool is not in use, please run with -Djdk.instrument.traceUsage for more information
WARNING: Dynamic loading of agents will be disallowed by default in a future release
]]></system-err>
  </testcase>
</testsuite>